c:\users\rippo\documents\uni work\year 2\engine creation\actual\opengl_sdl base project\opengl_sdl base project\debug\vc141.pdb
c:\users\rippo\documents\uni work\year 2\engine creation\actual\opengl_sdl base project\opengl_sdl base project\debug\vc141.idb
c:\users\rippo\documents\uni work\year 2\engine creation\actual\opengl_sdl base project\opengl_sdl base project\debug\camera.obj
c:\users\rippo\documents\uni work\year 2\engine creation\actual\opengl_sdl base project\opengl_sdl base project\debug\gameobject.obj
c:\users\rippo\documents\uni work\year 2\engine creation\actual\opengl_sdl base project\opengl_sdl base project\debug\gamescreen.obj
c:\users\rippo\documents\uni work\year 2\engine creation\actual\opengl_sdl base project\opengl_sdl base project\debug\gamescreenlevel1.obj
c:\users\rippo\documents\uni work\year 2\engine creation\actual\opengl_sdl base project\opengl_sdl base project\debug\gamescreenmanager.obj
c:\users\rippo\documents\uni work\year 2\engine creation\actual\opengl_sdl base project\opengl_sdl base project\debug\objloader.obj
c:\users\rippo\documents\uni work\year 2\engine creation\actual\opengl_sdl base project\opengl_sdl base project\debug\rubikscubeblock.obj
c:\users\rippo\documents\uni work\year 2\engine creation\actual\opengl_sdl base project\opengl_sdl base project\debug\rubikscubeblockcenter.obj
c:\users\rippo\documents\uni work\year 2\engine creation\actual\opengl_sdl base project\opengl_sdl base project\debug\rubikscubeblockcorner.obj
c:\users\rippo\documents\uni work\year 2\engine creation\actual\opengl_sdl base project\opengl_sdl base project\debug\rubikscubeblockedge.obj
c:\users\rippo\documents\uni work\year 2\engine creation\actual\opengl_sdl base project\opengl_sdl base project\debug\rubikscubecore.obj
c:\users\rippo\documents\uni work\year 2\engine creation\actual\opengl_sdl base project\opengl_sdl base project\debug\source.obj
c:\users\rippo\documents\uni work\year 2\engine creation\actual\opengl_sdl base project\opengl_sdl base project\debug\text2d.obj
c:\users\rippo\documents\uni work\year 2\engine creation\actual\opengl_sdl base project\opengl_sdl base project\debug\texture2d.obj
c:\users\rippo\documents\uni work\year 2\engine creation\actual\opengl_sdl base project\debug\opengl_sdl base project.exe
c:\users\rippo\documents\uni work\year 2\engine creation\actual\opengl_sdl base project\debug\opengl_sdl base project.ilk
c:\users\rippo\documents\uni work\year 2\engine creation\actual\opengl_sdl base project\debug\opengl_sdl base project.pdb
c:\users\rippo\documents\uni work\year 2\engine creation\actual\opengl_sdl base project\opengl_sdl base project\debug\camera.obj.enc
c:\users\rippo\documents\uni work\year 2\engine creation\actual\opengl_sdl base project\opengl_sdl base project\debug\gameobject.obj.enc
c:\users\rippo\documents\uni work\year 2\engine creation\actual\opengl_sdl base project\opengl_sdl base project\debug\gamescreenlevel1.obj.enc
c:\users\rippo\documents\uni work\year 2\engine creation\actual\opengl_sdl base project\opengl_sdl base project\debug\gamescreenmanager.obj.enc
c:\users\rippo\documents\uni work\year 2\engine creation\actual\opengl_sdl base project\opengl_sdl base project\debug\objloader.obj.enc
c:\users\rippo\documents\uni work\year 2\engine creation\actual\opengl_sdl base project\opengl_sdl base project\debug\rubikscubeblock.obj.enc
c:\users\rippo\documents\uni work\year 2\engine creation\actual\opengl_sdl base project\opengl_sdl base project\debug\rubikscubeblockcenter.obj.enc
c:\users\rippo\documents\uni work\year 2\engine creation\actual\opengl_sdl base project\opengl_sdl base project\debug\rubikscubeblockcorner.obj.enc
c:\users\rippo\documents\uni work\year 2\engine creation\actual\opengl_sdl base project\opengl_sdl base project\debug\rubikscubeblockedge.obj.enc
c:\users\rippo\documents\uni work\year 2\engine creation\actual\opengl_sdl base project\opengl_sdl base project\debug\rubikscubecore.obj.enc
c:\users\rippo\documents\uni work\year 2\engine creation\actual\opengl_sdl base project\opengl_sdl base project\debug\source.obj.enc
c:\users\rippo\documents\uni work\year 2\engine creation\actual\opengl_sdl base project\opengl_sdl base project\debug\vc140.idb
c:\users\rippo\documents\uni work\year 2\engine creation\actual\opengl_sdl base project\opengl_sdl base project\debug\vc140.pdb
c:\users\rippo\documents\uni work\year 2\engine creation\actual\opengl_sdl base project\opengl_sdl base project\debug\opengl_s.9314caf6.tlog\cl.command.1.tlog
c:\users\rippo\documents\uni work\year 2\engine creation\actual\opengl_sdl base project\opengl_sdl base project\debug\opengl_s.9314caf6.tlog\cl.read.1.tlog
c:\users\rippo\documents\uni work\year 2\engine creation\actual\opengl_sdl base project\opengl_sdl base project\debug\opengl_s.9314caf6.tlog\cl.write.1.tlog
c:\users\rippo\documents\uni work\year 2\engine creation\actual\opengl_sdl base project\opengl_sdl base project\debug\opengl_s.9314caf6.tlog\link.command.1.tlog
c:\users\rippo\documents\uni work\year 2\engine creation\actual\opengl_sdl base project\opengl_sdl base project\debug\opengl_s.9314caf6.tlog\link.delete.1.tlog
c:\users\rippo\documents\uni work\year 2\engine creation\actual\opengl_sdl base project\opengl_sdl base project\debug\opengl_s.9314caf6.tlog\link.read.1.tlog
c:\users\rippo\documents\uni work\year 2\engine creation\actual\opengl_sdl base project\opengl_sdl base project\debug\opengl_s.9314caf6.tlog\link.write.1.tlog
